<?xml version="1.0" encoding="UTF-8"?>
<!-- Generated by org.testng.reporters.JUnitXMLReporter -->
<testsuite hostname="DESKTOP-I3M0GBF" ignored="0" name="SpiceJet" tests="1" failures="0" timestamp="2020-10-30T12:52:50 IST" time="0.032" errors="0">
  <testcase name="@BeforeSuite testFolderCleanup" time="-1.604042570331E9" classname="Base.BaseTestSuite">
    <failure type="org.testng.TestNGException" message="
Can inject only one of &amp;lt;ITestContext, XmlTest&amp;gt; into a @BeforeSuite annotated testFolderCleanup.
For more information on native dependency injection please refer to https://testng.org/doc/documentation-main.html#native-dependency-injection">
      <![CDATA[org.testng.TestNGException: 
Can inject only one of <ITestContext, XmlTest> into a @BeforeSuite annotated testFolderCleanup.
For more information on native dependency injection please refer to https://testng.org/doc/documentation-main.html#native-dependency-injection
... Removed 16 stack frames]]>
    </failure>
  </testcase> <!-- @BeforeSuite testFolderCleanup -->
  <testcase name="@BeforeClass createInstance" time="-1.604042570353E9" classname="Scripts.HomePageTest">
    <skipped/>
  </testcase> <!-- @BeforeClass createInstance -->
  <testcase name="@BeforeMethod logBeforeMethod" time="-1.60404257036E9" classname="Base.BaseTestSuite">
    <skipped/>
  </testcase> <!-- @BeforeMethod logBeforeMethod -->
  <testcase name="@AfterMethod logAfterMethod" time="-1.604042570364E9" classname="Base.BaseTestSuite">
    <skipped/>
  </testcase> <!-- @AfterMethod logAfterMethod -->
  <testcase name="register" time="0.0" classname="Scripts.HomePageTest">
    <skipped/>
  </testcase> <!-- register -->
</testsuite> <!-- SpiceJet -->
