<?xml version="1.0" encoding="UTF-8"?>
<testng-results skipped="1" failed="0" ignored="0" total="1" passed="0">
  <reporter-output>
  </reporter-output>
  <suite name="Sikuli" duration-ms="32" started-at="2020-10-30T12:52:50 IST" finished-at="2020-10-30T12:52:50 IST">
    <groups>
    </groups>
    <test name="SpiceJet" duration-ms="32" started-at="2020-10-30T12:52:50 IST" finished-at="2020-10-30T12:52:50 IST">
      <class name="Scripts.HomePageTest">
        <test-method status="FAIL" signature="testFolderCleanup(java.lang.String)[pri:0, instance:Scripts.HomePageTest@4c60d6e9]" name="testFolderCleanup" is-config="true" duration-ms="-1604042570331" started-at="2020-10-30T12:52:50 IST" finished-at="1970-01-01T05:30:00 IST">
          <exception class="org.testng.TestNGException">
            <message>
              <![CDATA[
Can inject only one of <ITestContext, XmlTest> into a @BeforeSuite annotated testFolderCleanup.
For more information on native dependency injection please refer to https://testng.org/doc/documentation-main.html#native-dependency-injection]]>
            </message>
            <full-stacktrace>
              <![CDATA[org.testng.TestNGException: 
Can inject only one of <ITestContext, XmlTest> into a @BeforeSuite annotated testFolderCleanup.
For more information on native dependency injection please refer to https://testng.org/doc/documentation-main.html#native-dependency-injection
at org.testng.internal.Parameters.checkParameterTypes(Parameters.java:437)
at org.testng.internal.Parameters.createParametersForMethod(Parameters.java:351)
at org.testng.internal.Parameters.createParameters(Parameters.java:708)
at org.testng.internal.Parameters.createConfigurationParameters(Parameters.java:166)
at org.testng.internal.ConfigInvoker.invokeConfigurations(ConfigInvoker.java:301)
at org.testng.SuiteRunner.privateRun(SuiteRunner.java:327)
at org.testng.SuiteRunner.run(SuiteRunner.java:286)
at org.testng.SuiteRunnerWorker.runSuite(SuiteRunnerWorker.java:53)
at org.testng.SuiteRunnerWorker.run(SuiteRunnerWorker.java:96)
at org.testng.TestNG.runSuitesSequentially(TestNG.java:1218)
at org.testng.TestNG.runSuitesLocally(TestNG.java:1140)
at org.testng.TestNG.runSuites(TestNG.java:1069)
at org.testng.TestNG.run(TestNG.java:1037)
at org.testng.remote.AbstractRemoteTestNG.run(AbstractRemoteTestNG.java:115)
at org.testng.remote.RemoteTestNG.initAndRun(RemoteTestNG.java:251)
at org.testng.remote.RemoteTestNG.main(RemoteTestNG.java:77)
]]>
            </full-stacktrace>
          </exception> <!-- org.testng.TestNGException -->
          <reporter-output>
          </reporter-output>
        </test-method> <!-- testFolderCleanup -->
        <test-method status="PASS" signature="logBeforeSuite()[pri:0, instance:Scripts.HomePageTest@4c60d6e9]" name="logBeforeSuite" is-config="true" duration-ms="6" started-at="2020-10-30T12:52:50 IST" finished-at="2020-10-30T12:52:50 IST">
          <reporter-output>
          </reporter-output>
        </test-method> <!-- logBeforeSuite -->
        <test-method status="SKIP" signature="createInstance()[pri:0, instance:Scripts.HomePageTest@4c60d6e9]" name="createInstance" is-config="true" duration-ms="-1604042570353" started-at="2020-10-30T12:52:50 IST" finished-at="1970-01-01T05:30:00 IST">
          <reporter-output>
          </reporter-output>
        </test-method> <!-- createInstance -->
        <test-method status="SKIP" signature="logBeforeMethod(java.lang.reflect.Method)[pri:0, instance:Scripts.HomePageTest@4c60d6e9]" name="logBeforeMethod" is-config="true" duration-ms="-1604042570360" started-at="2020-10-30T12:52:50 IST" finished-at="1970-01-01T05:30:00 IST">
          <reporter-output>
          </reporter-output>
        </test-method> <!-- logBeforeMethod -->
        <test-method status="SKIP" signature="register()[pri:0, instance:Scripts.HomePageTest@4c60d6e9]" name="register" duration-ms="0" started-at="2020-10-30T12:52:50 IST" finished-at="2020-10-30T12:52:50 IST">
          <exception class="org.testng.TestNGException">
            <message>
              <![CDATA[
Can inject only one of <ITestContext, XmlTest> into a @BeforeSuite annotated testFolderCleanup.
For more information on native dependency injection please refer to https://testng.org/doc/documentation-main.html#native-dependency-injection]]>
            </message>
            <full-stacktrace>
              <![CDATA[org.testng.TestNGException: 
Can inject only one of <ITestContext, XmlTest> into a @BeforeSuite annotated testFolderCleanup.
For more information on native dependency injection please refer to https://testng.org/doc/documentation-main.html#native-dependency-injection
at org.testng.internal.Parameters.checkParameterTypes(Parameters.java:437)
at org.testng.internal.Parameters.createParametersForMethod(Parameters.java:351)
at org.testng.internal.Parameters.createParameters(Parameters.java:708)
at org.testng.internal.Parameters.createConfigurationParameters(Parameters.java:166)
at org.testng.internal.ConfigInvoker.invokeConfigurations(ConfigInvoker.java:301)
at org.testng.SuiteRunner.privateRun(SuiteRunner.java:327)
at org.testng.SuiteRunner.run(SuiteRunner.java:286)
at org.testng.SuiteRunnerWorker.runSuite(SuiteRunnerWorker.java:53)
at org.testng.SuiteRunnerWorker.run(SuiteRunnerWorker.java:96)
at org.testng.TestNG.runSuitesSequentially(TestNG.java:1218)
at org.testng.TestNG.runSuitesLocally(TestNG.java:1140)
at org.testng.TestNG.runSuites(TestNG.java:1069)
at org.testng.TestNG.run(TestNG.java:1037)
at org.testng.remote.AbstractRemoteTestNG.run(AbstractRemoteTestNG.java:115)
at org.testng.remote.RemoteTestNG.initAndRun(RemoteTestNG.java:251)
at org.testng.remote.RemoteTestNG.main(RemoteTestNG.java:77)
]]>
            </full-stacktrace>
          </exception> <!-- org.testng.TestNGException -->
          <reporter-output>
          </reporter-output>
        </test-method> <!-- register -->
        <test-method status="SKIP" signature="logAfterMethod(org.testng.ITestResult)[pri:0, instance:Scripts.HomePageTest@4c60d6e9]" name="logAfterMethod" is-config="true" duration-ms="-1604042570364" started-at="2020-10-30T12:52:50 IST" finished-at="1970-01-01T05:30:00 IST">
          <reporter-output>
          </reporter-output>
        </test-method> <!-- logAfterMethod -->
        <test-method status="PASS" signature="logAfterSuite()[pri:0, instance:Scripts.HomePageTest@4c60d6e9]" name="logAfterSuite" is-config="true" duration-ms="4" started-at="2020-10-30T12:52:50 IST" finished-at="2020-10-30T12:52:50 IST">
          <reporter-output>
          </reporter-output>
        </test-method> <!-- logAfterSuite -->
        <test-method status="FAIL" signature="AfterSuite()[pri:0, instance:Scripts.HomePageTest@4c60d6e9]" name="AfterSuite" is-config="true" duration-ms="0" started-at="2020-10-30T12:52:50 IST" finished-at="2020-10-30T12:52:50 IST">
          <exception class="java.lang.NullPointerException">
            <full-stacktrace>
              <![CDATA[java.lang.NullPointerException
at Utils.BrowserUtils.closeBrowser(BrowserUtils.java:14)
at Base.BaseTestSuite.AfterSuite(BaseTestSuite.java:121)
at sun.reflect.NativeMethodAccessorImpl.invoke0(Native Method)
at sun.reflect.NativeMethodAccessorImpl.invoke(NativeMethodAccessorImpl.java:62)
at sun.reflect.DelegatingMethodAccessorImpl.invoke(DelegatingMethodAccessorImpl.java:43)
at java.lang.reflect.Method.invoke(Method.java:498)
at org.testng.internal.MethodInvocationHelper.invokeMethod(MethodInvocationHelper.java:132)
at org.testng.internal.MethodInvocationHelper.invokeMethodConsideringTimeout(MethodInvocationHelper.java:61)
at org.testng.internal.ConfigInvoker.invokeConfigurationMethod(ConfigInvoker.java:366)
at org.testng.internal.ConfigInvoker.invokeConfigurations(ConfigInvoker.java:320)
at org.testng.SuiteRunner.privateRun(SuiteRunner.java:351)
at org.testng.SuiteRunner.run(SuiteRunner.java:286)
at org.testng.SuiteRunnerWorker.runSuite(SuiteRunnerWorker.java:53)
at org.testng.SuiteRunnerWorker.run(SuiteRunnerWorker.java:96)
at org.testng.TestNG.runSuitesSequentially(TestNG.java:1218)
at org.testng.TestNG.runSuitesLocally(TestNG.java:1140)
at org.testng.TestNG.runSuites(TestNG.java:1069)
at org.testng.TestNG.run(TestNG.java:1037)
at org.testng.remote.AbstractRemoteTestNG.run(AbstractRemoteTestNG.java:115)
at org.testng.remote.RemoteTestNG.initAndRun(RemoteTestNG.java:251)
at org.testng.remote.RemoteTestNG.main(RemoteTestNG.java:77)
]]>
            </full-stacktrace>
          </exception> <!-- java.lang.NullPointerException -->
          <reporter-output>
          </reporter-output>
        </test-method> <!-- AfterSuite -->
      </class> <!-- Scripts.HomePageTest -->
    </test> <!-- SpiceJet -->
  </suite> <!-- Sikuli -->
</testng-results>
